# JRE version: OpenJDK Runtime Environment (21.0.8) (build 21.0.8+-14196175-b1038.72)
# Java VM: OpenJDK 64-Bit Server VM (21.0.8+-14196175-b1038.72, mixed mode, tiered, compressed oops, compressed class ptrs, g1 gc, windows-amd64)
GC Precious Log:
 CardTable entry size: 512
 Card Set container configuration: InlinePtr #cards 4 size 8 Array Of Cards #cards 32 size 80 Howl #buckets 8 coarsen threshold 7372 Howl Bitmap #cards 1024 size 144 coarsen threshold 921 Card regions per heap region 1 cards per card region 8192
 CPUs: 12 total, 12 available
 Memory: 7521M
 Large Page Support: Disabled
 NUMA Support: Disabled
 Compressed Oops: Enabled (Zero based)
 Heap Region Size: 4M
 Heap Min Capacity: 8M
 Heap Initial Capacity: 120M
 Heap Max Capacity: 8G
 Pre-touch: Disabled
 Parallel Workers: 10
 Concurrent Workers: 3
 Concurrent Refinement Workers: 10
 Periodic GC: Disabled
Heap:
 garbage-first heap   total 626688K, used 379897K [0x0000000600000000, 0x0000000800000000)
  region size 4096K, 5 young (20480K), 5 survivors (20480K)
 Metaspace       used 305221K, committed 308928K, reserved 1376256K
  class space    used 39691K, committed 41472K, reserved 1048576K
GC Heap History (20 events):
Event: 116.473 GC heap after
{Heap after GC invocations=73 (full 0):
 garbage-first heap   total 520192K, used 213599K [0x0000000600000000, 0x0000000800000000)
  region size 4096K, 5 young (20480K), 5 survivors (20480K)
 Metaspace       used 191925K, committed 194624K, reserved 1245184K
  class space    used 25469K, committed 26752K, reserved 1048576K
}
Event: 118.938 GC heap before
{Heap before GC invocations=74 (full 0):
 garbage-first heap   total 520192K, used 471647K [0x0000000600000000, 0x0000000800000000)
  region size 4096K, 67 young (274432K), 5 survivors (20480K)
 Metaspace       used 234173K, committed 236992K, reserved 1310720K
  class space    used 29960K, committed 31296K, reserved 1048576K
}
Event: 118.951 GC heap after
{Heap after GC invocations=75 (full 0):
 garbage-first heap   total 520192K, used 233082K [0x0000000600000000, 0x0000000800000000)
  region size 4096K, 8 young (32768K), 8 survivors (32768K)
 Metaspace       used 234173K, committed 236992K, reserved 1310720K
  class space    used 29960K, committed 31296K, reserved 1048576K
}
Event: 119.616 GC heap before
{Heap before GC invocations=75 (full 0):
 garbage-first heap   total 520192K, used 450170K [0x0000000600000000, 0x0000000800000000)
  region size 4096K, 62 young (253952K), 8 survivors (32768K)
 Metaspace       used 239078K, committed 241920K, reserved 1310720K
  class space    used 30493K, committed 31872K, reserved 1048576K
}
Event: 119.649 GC heap after
{Heap after GC invocations=76 (full 0):
 garbage-first heap   total 520192K, used 257330K [0x0000000600000000, 0x0000000800000000)
  region size 4096K, 8 young (32768K), 8 survivors (32768K)
 Metaspace       used 239078K, committed 241920K, reserved 1310720K
  class space    used 30493K, committed 31872K, reserved 1048576K
}
Event: 120.036 GC heap before
{Heap before GC invocations=76 (full 0):
 garbage-first heap   total 520192K, used 453938K [0x0000000600000000, 0x0000000800000000)
  region size 4096K, 57 young (233472K), 8 survivors (32768K)
 Metaspace       used 246995K, committed 249792K, reserved 1310720K
  class space    used 32087K, committed 33472K, reserved 1048576K
}
Event: 120.058 GC heap after
{Heap after GC invocations=77 (full 0):
 garbage-first heap   total 626688K, used 281590K [0x0000000600000000, 0x0000000800000000)
  region size 4096K, 6 young (24576K), 6 survivors (24576K)
 Metaspace       used 246995K, committed 249792K, reserved 1310720K
  class space    used 32087K, committed 33472K, reserved 1048576K
}
Event: 123.075 GC heap before
{Heap before GC invocations=78 (full 0):
 garbage-first heap   total 626688K, used 556022K [0x0000000600000000, 0x0000000800000000)
  region size 4096K, 74 young (303104K), 6 survivors (24576K)
 Metaspace       used 281323K, committed 284416K, reserved 1310720K
  class space    used 36433K, committed 37952K, reserved 1048576K
}
Event: 123.106 GC heap after
{Heap after GC invocations=79 (full 0):
 garbage-first heap   total 626688K, used 304958K [0x0000000600000000, 0x0000000800000000)
  region size 4096K, 10 young (40960K), 10 survivors (40960K)
 Metaspace       used 281323K, committed 284416K, reserved 1310720K
  class space    used 36433K, committed 37952K, reserved 1048576K
}
Event: 132.227 GC heap before
{Heap before GC invocations=79 (full 0):
 garbage-first heap   total 626688K, used 542526K [0x0000000600000000, 0x0000000800000000)
  region size 4096K, 69 young (282624K), 10 survivors (40960K)
 Metaspace       used 304450K, committed 308160K, reserved 1376256K
  class space    used 39615K, committed 41408K, reserved 1048576K
}
Event: 132.726 GC heap after
{Heap after GC invocations=80 (full 0):
 garbage-first heap   total 626688K, used 325615K [0x0000000600000000, 0x0000000800000000)
  region size 4096K, 6 young (24576K), 6 survivors (24576K)
 Metaspace       used 304450K, committed 308160K, reserved 1376256K
  class space    used 39615K, committed 41408K, reserved 1048576K
}
Event: 132.901 GC heap before
{Heap before GC invocations=80 (full 0):
 garbage-first heap   total 626688K, used 559087K [0x0000000600000000, 0x0000000800000000)
  region size 4096K, 63 young (258048K), 6 survivors (24576K)
 Metaspace       used 304602K, committed 308288K, reserved 1376256K
  class space    used 39632K, committed 41408K, reserved 1048576K
}
Event: 133.126 GC heap after
{Heap after GC invocations=81 (full 0):
 garbage-first heap   total 626688K, used 337979K [0x0000000600000000, 0x0000000800000000)
  region size 4096K, 4 young (16384K), 4 survivors (16384K)
 Metaspace       used 304602K, committed 308288K, reserved 1376256K
  class space    used 39632K, committed 41408K, reserved 1048576K
}
Event: 133.463 GC heap before
{Heap before GC invocations=81 (full 0):
 garbage-first heap   total 626688K, used 567355K [0x0000000600000000, 0x0000000800000000)
  region size 4096K, 60 young (245760K), 4 survivors (16384K)
 Metaspace       used 304711K, committed 308416K, reserved 1376256K
  class space    used 39636K, committed 41408K, reserved 1048576K
}
Event: 135.187 GC heap after
{Heap after GC invocations=82 (full 0):
 garbage-first heap   total 626688K, used 350044K [0x0000000600000000, 0x0000000800000000)
  region size 4096K, 7 young (28672K), 7 survivors (28672K)
 Metaspace       used 304711K, committed 308416K, reserved 1376256K
  class space    used 39636K, committed 41408K, reserved 1048576K
}
Event: 135.529 GC heap before
{Heap before GC invocations=82 (full 0):
 garbage-first heap   total 626688K, used 554844K [0x0000000600000000, 0x0000000800000000)
  region size 4096K, 57 young (233472K), 7 survivors (28672K)
 Metaspace       used 304885K, committed 308608K, reserved 1376256K
  class space    used 39653K, committed 41472K, reserved 1048576K
}
Event: 135.569 GC heap after
{Heap after GC invocations=83 (full 0):
 garbage-first heap   total 626688K, used 362379K [0x0000000600000000, 0x0000000800000000)
  region size 4096K, 7 young (28672K), 7 survivors (28672K)
 Metaspace       used 304885K, committed 308608K, reserved 1376256K
  class space    used 39653K, committed 41472K, reserved 1048576K
}
Event: 135.812 GC heap before
{Heap before GC invocations=83 (full 0):
 garbage-first heap   total 626688K, used 554891K [0x0000000600000000, 0x0000000800000000)
  region size 4096K, 54 young (221184K), 7 survivors (28672K)
 Metaspace       used 305063K, committed 308800K, reserved 1376256K
  class space    used 39671K, committed 41472K, reserved 1048576K
}
Event: 135.822 GC heap after
{Heap after GC invocations=84 (full 0):
 garbage-first heap   total 626688K, used 371035K [0x0000000600000000, 0x0000000800000000)
  region size 4096K, 6 young (24576K), 6 survivors (24576K)
 Metaspace       used 305063K, committed 308800K, reserved 1376256K
  class space    used 39671K, committed 41472K, reserved 1048576K
}
Event: 136.019 GC heap before
{Heap before GC invocations=84 (full 0):
 garbage-first heap   total 626688K, used 559451K [0x0000000600000000, 0x0000000800000000)
  region size 4096K, 52 young (212992K), 6 survivors (24576K)
 Metaspace       used 305221K, committed 308928K, reserved 1376256K
  class space    used 39691K, committed 41472K, reserved 1048576K
}

